<?xml version="1.0" encoding="UTF-8"?>
<testng-results ignored="0" total="1" passed="1" failed="0" skipped="0">
  <reporter-output>
  </reporter-output>
  <suite started-at="2025-01-22T12:39:17 IST" name="Master Suite" finished-at="2025-01-22T12:40:16 IST" duration-ms="58584">
    <groups>
      <group name="Master">
        <method signature="TC_001_Account_Registration.verify_Account_Registration()[pri:0, instance:testCases.TC_001_Account_Registration@4f6ee6e4]" name="verify_Account_Registration" class="testCases.TC_001_Account_Registration"/>
      </group> <!-- Master -->
      <group name="Regression">
        <method signature="TC_001_Account_Registration.verify_Account_Registration()[pri:0, instance:testCases.TC_001_Account_Registration@4f6ee6e4]" name="verify_Account_Registration" class="testCases.TC_001_Account_Registration"/>
      </group> <!-- Regression -->
    </groups>
    <test started-at="2025-01-22T12:39:17 IST" name="Test" finished-at="2025-01-22T12:40:16 IST" duration-ms="58584">
      <class name="testCases.TC_001_Account_Registration">
        <test-method is-config="true" signature="setup(java.lang.String,java.lang.String,org.testng.ITestContext)[pri:0, instance:testCases.TC_001_Account_Registration@4f6ee6e4]" started-at="2025-01-22T12:39:18 IST" name="setup" finished-at="2025-01-22T12:39:40 IST" duration-ms="22602" status="PASS">
          <params>
            <param index="0">
              <value>
                <![CDATA[Windows]]>
              </value>
            </param>
            <param index="1">
              <value>
                <![CDATA[edge]]>
              </value>
            </param>
            <param index="2">
              <value>
                <![CDATA[org.testng.TestRunner@58015e56]]>
              </value>
            </param>
          </params>
          <reporter-output>
          </reporter-output>
        </test-method> <!-- setup -->
        <test-method signature="verify_Account_Registration()[pri:0, instance:testCases.TC_001_Account_Registration@4f6ee6e4]" started-at="2025-01-22T12:39:41 IST" name="verify_Account_Registration" finished-at="2025-01-22T12:40:14 IST" duration-ms="33867" status="PASS">
          <reporter-output>
          </reporter-output>
        </test-method> <!-- verify_Account_Registration -->
        <test-method is-config="true" signature="tearDown()[pri:0, instance:testCases.TC_001_Account_Registration@4f6ee6e4]" started-at="2025-01-22T12:40:14 IST" name="tearDown" finished-at="2025-01-22T12:40:16 IST" duration-ms="1556" status="PASS">
          <reporter-output>
          </reporter-output>
        </test-method> <!-- tearDown -->
      </class> <!-- testCases.TC_001_Account_Registration -->
    </test> <!-- Test -->
  </suite> <!-- Master Suite -->
</testng-results>
