<?xml version="1.0" encoding="UTF-8"?>
<testng-results ignored="0" total="1" passed="1" failed="0" skipped="0">
  <reporter-output>
  </reporter-output>
  <suite started-at="2024-08-05T19:57:45 IST" name="NewTestV1" finished-at="2024-08-05T19:57:45 IST" duration-ms="89">
    <groups>
    </groups>
    <test started-at="2024-08-05T19:57:45 IST" name="new test case 1" finished-at="2024-08-05T19:57:45 IST" duration-ms="89">
      <class name="testcases.firstClass">
        <test-method signature="runner()[pri:0, instance:testcases.firstClass@52af26ee]" started-at="2024-08-05T19:57:45 IST" name="runner" finished-at="2024-08-05T19:57:45 IST" duration-ms="12" status="PASS">
          <reporter-output>
          </reporter-output>
        </test-method> <!-- runner -->
      </class> <!-- testcases.firstClass -->
    </test> <!-- new test case 1 -->
  </suite> <!-- NewTestV1 -->
</testng-results>
