<?xml version="1.0" encoding="UTF-8"?>
<testng-results ignored="0" total="1" passed="1" failed="0" skipped="0">
  <reporter-output>
  </reporter-output>
  <suite started-at="2025-01-10T22:27:49 IST" name="Docker Suite" finished-at="2025-01-10T22:29:02 IST" duration-ms="72371">
    <groups>
      <group name="Master">
        <method signature="TC_001_Account_Registration.verify_Account_Registration()[pri:0, instance:testCases.TC_001_Account_Registration@6bbe85a8]" name="verify_Account_Registration" class="testCases.TC_001_Account_Registration"/>
      </group> <!-- Master -->
      <group name="Regression">
        <method signature="TC_001_Account_Registration.verify_Account_Registration()[pri:0, instance:testCases.TC_001_Account_Registration@6bbe85a8]" name="verify_Account_Registration" class="testCases.TC_001_Account_Registration"/>
      </group> <!-- Regression -->
    </groups>
    <test started-at="2025-01-10T22:27:49 IST" name="Test" finished-at="2025-01-10T22:29:02 IST" duration-ms="72371">
      <class name="testCases.TC_001_Account_Registration">
        <test-method is-config="true" signature="setup(java.lang.String,java.lang.String,org.testng.ITestContext)[pri:0, instance:testCases.TC_001_Account_Registration@6bbe85a8]" started-at="2025-01-10T22:27:50 IST" name="setup" finished-at="2025-01-10T22:28:28 IST" duration-ms="38204" status="PASS">
          <params>
            <param index="0">
              <value>
                <![CDATA[Linux]]>
              </value>
            </param>
            <param index="1">
              <value>
                <![CDATA[chrome]]>
              </value>
            </param>
            <param index="2">
              <value>
                <![CDATA[org.testng.TestRunner@4fb56bea]]>
              </value>
            </param>
          </params>
          <reporter-output>
          </reporter-output>
        </test-method> <!-- setup -->
        <test-method signature="verify_Account_Registration()[pri:0, instance:testCases.TC_001_Account_Registration@6bbe85a8]" started-at="2025-01-10T22:28:28 IST" name="verify_Account_Registration" finished-at="2025-01-10T22:29:01 IST" duration-ms="32785" status="PASS">
          <reporter-output>
          </reporter-output>
        </test-method> <!-- verify_Account_Registration -->
        <test-method is-config="true" signature="tearDown()[pri:0, instance:testCases.TC_001_Account_Registration@6bbe85a8]" started-at="2025-01-10T22:29:01 IST" name="tearDown" finished-at="2025-01-10T22:29:02 IST" duration-ms="502" status="PASS">
          <reporter-output>
          </reporter-output>
        </test-method> <!-- tearDown -->
      </class> <!-- testCases.TC_001_Account_Registration -->
    </test> <!-- Test -->
  </suite> <!-- Docker Suite -->
</testng-results>
